2023-08-02 21:49:55 crtsurfdata 开始运行。
2023-08-02 21:49:55 生成数据文件/home/Leeczxc/Project/weatherProject/idcdata/SURF_ZG_20230802214955_472197.xml成功， 数据时间20230802214955, 记录数839.
2023-08-02 21:49:55 生成数据文件/home/Leeczxc/Project/weatherProject/idcdata/SURF_ZG_20230802214955_472197.json成功， 数据时间20230802214955, 记录数839.
2023-08-02 21:49:55 生成数据文件/home/Leeczxc/Project/weatherProject/idcdata/SURF_ZG_20230802214955_472197.csv成功， 数据时间20230802214955, 记录数839.
2023-08-02 21:49:55 crtsurfdata 运行结束。
2023-08-02 21:50:02 crtsurfdata 开始运行。
2023-08-02 21:50:02 生成数据文件/home/Leeczxc/Project/weatherProject/idcdata/SURF_ZG_20230802215002_472284.xml成功， 数据时间20230802215002, 记录数839.
2023-08-02 21:50:02 生成数据文件/home/Leeczxc/Project/weatherProject/idcdata/SURF_ZG_20230802215002_472284.json成功， 数据时间20230802215002, 记录数839.
2023-08-02 21:50:02 生成数据文件/home/Leeczxc/Project/weatherProject/idcdata/SURF_ZG_20230802215002_472284.csv成功， 数据时间20230802215002, 记录数839.
2023-08-02 21:50:02 crtsurfdata 运行结束。
2023-08-02 21:50:03 crtsurfdata 开始运行。
2023-08-02 21:50:03 生成数据文件/home/Leeczxc/Project/weatherProject/idcdata/SURF_ZG_20230802215003_472308.xml成功， 数据时间20230802215003, 记录数839.
2023-08-02 21:50:03 生成数据文件/home/Leeczxc/Project/weatherProject/idcdata/SURF_ZG_20230802215003_472308.json成功， 数据时间20230802215003, 记录数839.
2023-08-02 21:50:03 生成数据文件/home/Leeczxc/Project/weatherProject/idcdata/SURF_ZG_20230802215003_472308.csv成功， 数据时间20230802215003, 记录数839.
2023-08-02 21:50:03 crtsurfdata 运行结束。
2023-08-02 21:50:07 crtsurfdata 开始运行。
2023-08-02 21:50:07 生成数据文件/home/Leeczxc/Project/weatherProject/idcdata/SURF_ZG_20230802215007_472351.xml成功， 数据时间20230802215007, 记录数839.
2023-08-02 21:50:07 生成数据文件/home/Leeczxc/Project/weatherProject/idcdata/SURF_ZG_20230802215007_472351.json成功， 数据时间20230802215007, 记录数839.
2023-08-02 21:50:07 生成数据文件/home/Leeczxc/Project/weatherProject/idcdata/SURF_ZG_20230802215007_472351.csv成功， 数据时间20230802215007, 记录数839.
2023-08-02 21:50:07 crtsurfdata 运行结束。
